android/app/build/intermediates/manifest_merge_blame_file/debug/manifest-merger-blame-debug-report.txt
1<?xml version="1.0" encoding="utf-8"?>
2<manifest xmlns:android="http://schemas.android.com/apk/res/android"
3    package="com.lupa"
4    android:versionCode="1"
5    android:versionName="1.0" >
6
7    <uses-sdk
8        android:minSdkVersion="21"
8-->src\main\AndroidManifest.xml
9        android:targetSdkVersion="27" />
9-->src\main\AndroidManifest.xml
10
11    <uses-permission android:name="android.permission.INTERNET" />
11-->src\main\AndroidManifest.xml:4:5-67
11-->src\main\AndroidManifest.xml:4:22-64
12    <uses-permission android:name="android.permission.SYSTEM_ALERT_WINDOW" />
12-->src\main\AndroidManifest.xml:5:5-77
12-->src\main\AndroidManifest.xml:5:22-75
13
14    <!-- OPTIONAL PERMISSIONS, REMOVE WHATEVER YOU DO NOT NEED -->
15    <uses-permission android:name="android.permission.MANAGE_DOCUMENTS" />
15-->src\main\AndroidManifest.xml:8:5-75
15-->src\main\AndroidManifest.xml:8:22-72
16    <uses-permission android:name="android.permission.READ_INTERNAL_STORAGE" />
16-->src\main\AndroidManifest.xml:9:5-80
16-->src\main\AndroidManifest.xml:9:22-77
17    <uses-permission android:name="android.permission.READ_PHONE_STATE" />
17-->src\main\AndroidManifest.xml:10:5-75
17-->src\main\AndroidManifest.xml:10:22-72
18    <uses-permission android:name="android.permission.USE_FINGERPRINT" />
18-->src\main\AndroidManifest.xml:11:5-74
18-->src\main\AndroidManifest.xml:11:22-71
19    <uses-permission android:name="android.permission.VIBRATE" />
19-->src\main\AndroidManifest.xml:12:5-66
19-->src\main\AndroidManifest.xml:12:22-63
20    <uses-permission android:name="android.permission.MODIFY_AUDIO_SETTINGS" />
20-->src\main\AndroidManifest.xml:13:5-80
20-->src\main\AndroidManifest.xml:13:22-77
21
22    <!-- These require runtime permissions on M -->
23    <uses-permission android:name="android.permission.ACCESS_COARSE_LOCATION" />
23-->src\main\AndroidManifest.xml:16:5-81
23-->src\main\AndroidManifest.xml:16:22-78
24    <uses-permission android:name="android.permission.ACCESS_FINE_LOCATION" />
24-->src\main\AndroidManifest.xml:17:5-79
24-->src\main\AndroidManifest.xml:17:22-76
25    <uses-permission android:name="android.permission.CAMERA" />
25-->src\main\AndroidManifest.xml:18:5-65
25-->src\main\AndroidManifest.xml:18:22-62
26    <uses-permission android:name="android.permission.INTERNET" />
26-->src\main\AndroidManifest.xml:4:5-67
26-->src\main\AndroidManifest.xml:4:22-64
27    <uses-permission android:name="android.permission.READ_CONTACTS" />
27-->src\main\AndroidManifest.xml:20:5-72
27-->src\main\AndroidManifest.xml:20:22-69
28    <uses-permission android:name="android.permission.READ_CALENDAR" />
28-->src\main\AndroidManifest.xml:21:5-72
28-->src\main\AndroidManifest.xml:21:22-69
29    <uses-permission android:name="android.permission.WRITE_CALENDAR" />
29-->src\main\AndroidManifest.xml:22:5-73
29-->src\main\AndroidManifest.xml:22:22-70
30    <uses-permission android:name="android.permission.READ_EXTERNAL_STORAGE" />
30-->src\main\AndroidManifest.xml:23:5-80
30-->src\main\AndroidManifest.xml:23:22-77
31    <uses-permission android:name="android.permission.RECORD_AUDIO" />
31-->src\main\AndroidManifest.xml:24:5-71
31-->src\main\AndroidManifest.xml:24:22-68
32    <uses-permission android:name="android.permission.RECEIVE_WAP_PUSH" />
32-->src\main\AndroidManifest.xml:25:5-75
32-->src\main\AndroidManifest.xml:25:22-72
33    <uses-permission android:name="android.permission.LOCATION_WHEN_IN_USE" />
33-->src\main\AndroidManifest.xml:26:9-83
33-->src\main\AndroidManifest.xml:26:26-80
34    <uses-permission android:name="android.permission.WRITE_EXTERNAL_STORAGE" />
34-->src\main\AndroidManifest.xml:27:5-81
34-->src\main\AndroidManifest.xml:27:22-78
35    <uses-permission android:name="android.permission.WRITE_SETTINGS" />
35-->src\main\AndroidManifest.xml:28:5-73
35-->src\main\AndroidManifest.xml:28:22-70
36    <uses-permission android:name="android.permission.ACCESS_NETWORK_STATE" />
36-->[:react-native-firebase_analytics] AndroidManifest.xml:11:5-79
36-->[:react-native-firebase_analytics] AndroidManifest.xml:11:22-76
37    <uses-permission android:name="android.permission.WAKE_LOCK" />
37-->[:react-native-firebase_analytics] AndroidManifest.xml:13:5-68
37-->[:react-native-firebase_analytics] AndroidManifest.xml:13:22-65
38
39    <uses-feature
39-->[:react-native-camera] AndroidManifest.xml:11:5-13:36
40        android:name="android.hardware.camera"
40-->[:react-native-camera] AndroidManifest.xml:12:9-47
41        android:required="false" />
41-->[:react-native-camera] AndroidManifest.xml:13:9-33
42    <uses-feature
42-->[:react-native-camera] AndroidManifest.xml:14:5-16:36
43        android:name="android.hardware.camera.autofocus"
43-->[:react-native-camera] AndroidManifest.xml:15:9-57
44        android:required="false" />
44-->[:react-native-camera] AndroidManifest.xml:16:9-33
45
46    <uses-permission android:name="android.permission.ACCESS_WIFI_STATE" />
46-->[:react-native-os] AndroidManifest.xml:13:5-76
46-->[:react-native-os] AndroidManifest.xml:13:22-73
47    <uses-permission android:name="android.permission.STORAGE" />
47-->[:expo-file-system] AndroidManifest.xml:15:5-66
47-->[:expo-file-system] AndroidManifest.xml:15:22-63
48    <uses-permission android:name="android.permission.FOREGROUND_SERVICE" />
48-->[:expo-location] AndroidManifest.xml:13:5-77
48-->[:expo-location] AndroidManifest.xml:13:22-74
49    <uses-permission android:name="com.google.android.finsky.permission.BIND_GET_INSTALL_REFERRER_SERVICE" /> <!-- Required by older versions of Google Play services to create GCM registration tokens -->
49-->[com.google.android.gms:play-services-measurement:17.2.2] AndroidManifest.xml:26:5-110
49-->[com.google.android.gms:play-services-measurement:17.2.2] AndroidManifest.xml:26:22-107
50    <uses-permission android:name="com.google.android.c2dm.permission.RECEIVE" />
50-->[com.google.android.gms:play-services-gcm:17.0.0] AndroidManifest.xml:23:5-82
50-->[com.google.android.gms:play-services-gcm:17.0.0] AndroidManifest.xml:23:22-79
51
52    <uses-feature
52-->[com.google.android.gms:play-services-maps:17.0.0] AndroidManifest.xml:26:5-28:35
53        android:glEsVersion="0x00020000"
53-->[com.google.android.gms:play-services-maps:17.0.0] AndroidManifest.xml:27:9-41
54        android:required="true" />
54-->[com.google.android.gms:play-services-maps:17.0.0] AndroidManifest.xml:28:9-32
55
56    <uses-permission android:name="com.google.android.providers.gsf.permission.READ_GSERVICES" />
56-->[io.nlopez.smartlocation:library:3.2.11] AndroidManifest.xml:15:5-98
56-->[io.nlopez.smartlocation:library:3.2.11] AndroidManifest.xml:15:22-95
57    <uses-permission android:name="com.google.android.gms.permission.ACTIVITY_RECOGNITION" /> <!-- for android -->
57-->[io.nlopez.smartlocation:library:3.2.11] AndroidManifest.xml:16:5-94
57-->[io.nlopez.smartlocation:library:3.2.11] AndroidManifest.xml:16:22-91
58    <!-- <uses-permission android:name="com.android.launcher.permission.READ_SETTINGS"/> -->
59    <!-- <uses-permission android:name="com.android.launcher.permission.WRITE_SETTINGS"/> -->
60    <!-- <uses-permission android:name="com.android.launcher.permission.INSTALL_SHORTCUT" /> -->
61    <!-- <uses-permission android:name="com.android.launcher.permission.UNINSTALL_SHORTCUT" /> -->
62    <!-- for Samsung -->
63    <uses-permission android:name="com.sec.android.provider.badge.permission.READ" />
63-->[me.leolin:ShortcutBadger:1.1.22] AndroidManifest.xml:19:5-86
63-->[me.leolin:ShortcutBadger:1.1.22] AndroidManifest.xml:19:22-83
64    <uses-permission android:name="com.sec.android.provider.badge.permission.WRITE" /> <!-- for htc -->
64-->[me.leolin:ShortcutBadger:1.1.22] AndroidManifest.xml:20:5-87
64-->[me.leolin:ShortcutBadger:1.1.22] AndroidManifest.xml:20:22-84
65    <uses-permission android:name="com.htc.launcher.permission.READ_SETTINGS" />
65-->[me.leolin:ShortcutBadger:1.1.22] AndroidManifest.xml:23:5-81
65-->[me.leolin:ShortcutBadger:1.1.22] AndroidManifest.xml:23:22-78
66    <uses-permission android:name="com.htc.launcher.permission.UPDATE_SHORTCUT" /> <!-- for sony -->
66-->[me.leolin:ShortcutBadger:1.1.22] AndroidManifest.xml:24:5-83
66-->[me.leolin:ShortcutBadger:1.1.22] AndroidManifest.xml:24:22-80
67    <uses-permission android:name="com.sonyericsson.home.permission.BROADCAST_BADGE" />
67-->[me.leolin:ShortcutBadger:1.1.22] AndroidManifest.xml:27:5-88
67-->[me.leolin:ShortcutBadger:1.1.22] AndroidManifest.xml:27:22-85
68    <uses-permission android:name="com.sonymobile.home.permission.PROVIDER_INSERT_BADGE" /> <!-- for apex -->
68-->[me.leolin:ShortcutBadger:1.1.22] AndroidManifest.xml:28:5-92
68-->[me.leolin:ShortcutBadger:1.1.22] AndroidManifest.xml:28:22-89
69    <uses-permission android:name="com.anddoes.launcher.permission.UPDATE_COUNT" /> <!-- for solid -->
69-->[me.leolin:ShortcutBadger:1.1.22] AndroidManifest.xml:31:5-84
69-->[me.leolin:ShortcutBadger:1.1.22] AndroidManifest.xml:31:22-81
70    <uses-permission android:name="com.majeur.launcher.permission.UPDATE_BADGE" /> <!-- for huawei -->
70-->[me.leolin:ShortcutBadger:1.1.22] AndroidManifest.xml:34:5-83
70-->[me.leolin:ShortcutBadger:1.1.22] AndroidManifest.xml:34:22-80
71    <uses-permission android:name="com.huawei.android.launcher.permission.CHANGE_BADGE" />
71-->[me.leolin:ShortcutBadger:1.1.22] AndroidManifest.xml:37:5-91
71-->[me.leolin:ShortcutBadger:1.1.22] AndroidManifest.xml:37:22-88
72    <uses-permission android:name="com.huawei.android.launcher.permission.READ_SETTINGS" />
72-->[me.leolin:ShortcutBadger:1.1.22] AndroidManifest.xml:38:5-92
72-->[me.leolin:ShortcutBadger:1.1.22] AndroidManifest.xml:38:22-89
73    <uses-permission android:name="com.huawei.android.launcher.permission.WRITE_SETTINGS" /> <!-- for ZUK -->
73-->[me.leolin:ShortcutBadger:1.1.22] AndroidManifest.xml:39:5-93
73-->[me.leolin:ShortcutBadger:1.1.22] AndroidManifest.xml:39:22-90
74    <uses-permission android:name="android.permission.READ_APP_BADGE" /> <!-- for OPPO -->
74-->[me.leolin:ShortcutBadger:1.1.22] AndroidManifest.xml:42:5-73
74-->[me.leolin:ShortcutBadger:1.1.22] AndroidManifest.xml:42:22-70
75    <uses-permission android:name="com.oppo.launcher.permission.READ_SETTINGS" />
75-->[me.leolin:ShortcutBadger:1.1.22] AndroidManifest.xml:45:5-82
75-->[me.leolin:ShortcutBadger:1.1.22] AndroidManifest.xml:45:22-79
76    <uses-permission android:name="com.oppo.launcher.permission.WRITE_SETTINGS" /> <!-- for EvMe -->
76-->[me.leolin:ShortcutBadger:1.1.22] AndroidManifest.xml:46:5-83
76-->[me.leolin:ShortcutBadger:1.1.22] AndroidManifest.xml:46:22-80
77    <uses-permission android:name="me.everything.badger.permission.BADGE_COUNT_READ" />
77-->[me.leolin:ShortcutBadger:1.1.22] AndroidManifest.xml:49:5-88
77-->[me.leolin:ShortcutBadger:1.1.22] AndroidManifest.xml:49:22-85
78    <uses-permission android:name="me.everything.badger.permission.BADGE_COUNT_WRITE" /> <!-- END OPTIONAL PERMISSIONS -->
78-->[me.leolin:ShortcutBadger:1.1.22] AndroidManifest.xml:50:5-89
78-->[me.leolin:ShortcutBadger:1.1.22] AndroidManifest.xml:50:22-86
79    <application
79-->src\main\AndroidManifest.xml:31:5-53:19
80        android:name="com.lupa.MainApplication"
80-->src\main\AndroidManifest.xml:32:7-38
81        android:allowBackup="false"
81-->src\main\AndroidManifest.xml:36:7-34
82        android:appComponentFactory="androidx.core.app.CoreComponentFactory"
82-->[androidx.core:core:1.1.0] AndroidManifest.xml:24:18-86
83        android:debuggable="true"
84        android:icon="@mipmap/ic_launcher"
84-->src\main\AndroidManifest.xml:34:7-41
85        android:label="@string/app_name"
85-->src\main\AndroidManifest.xml:33:7-39
86        android:roundIcon="@mipmap/ic_launcher_round"
86-->src\main\AndroidManifest.xml:35:7-52
87        android:theme="@style/AppTheme" >
87-->src\main\AndroidManifest.xml:37:7-38
88        <activity
88-->src\main\AndroidManifest.xml:38:7-47:18
89            android:name="com.lupa.MainActivity"
89-->src\main\AndroidManifest.xml:39:9-37
90            android:configChanges="keyboard|keyboardHidden|orientation|screenSize"
90-->src\main\AndroidManifest.xml:41:9-79
91            android:label="@string/app_name"
91-->src\main\AndroidManifest.xml:40:9-41
92            android:windowSoftInputMode="adjustResize" >
92-->src\main\AndroidManifest.xml:42:9-51
93            <intent-filter>
93-->src\main\AndroidManifest.xml:43:9-46:25
94                <action android:name="android.intent.action.MAIN" />
94-->src\main\AndroidManifest.xml:44:13-65
94-->src\main\AndroidManifest.xml:44:21-62
95
96                <category android:name="android.intent.category.LAUNCHER" />
96-->src\main\AndroidManifest.xml:45:13-73
96-->src\main\AndroidManifest.xml:45:23-70
97            </intent-filter>
98        </activity>
99        <activity android:name="com.facebook.react.devsupport.DevSettingsActivity" />
99-->src\main\AndroidManifest.xml:48:7-84
99-->src\main\AndroidManifest.xml:48:17-81
100        <activity
100-->src\main\AndroidManifest.xml:49:7-52:12
101            android:name="com.theartofdev.edmodo.cropper.CropImageActivity"
101-->src\main\AndroidManifest.xml:50:3-66
102            android:theme="@style/Base.Theme.AppCompat" >
102-->src\main\AndroidManifest.xml:51:3-46
103        </activity>
104
105        <service android:name="io.invertase.firebase.messaging.ReactNativeFirebaseMessagingHeadlessService" />
105-->[:react-native-firebase_messaging] AndroidManifest.xml:16:9-111
105-->[:react-native-firebase_messaging] AndroidManifest.xml:16:18-108
106        <service
106-->[:react-native-firebase_messaging] AndroidManifest.xml:17:9-23:19
107            android:name="io.invertase.firebase.messaging.ReactNativeFirebaseMessagingService"
107-->[:react-native-firebase_messaging] AndroidManifest.xml:18:13-95
108            android:exported="false" >
108-->[:react-native-firebase_messaging] AndroidManifest.xml:19:13-37
109            <intent-filter>
109-->[:react-native-firebase_messaging] AndroidManifest.xml:20:13-22:29
110                <action android:name="com.google.firebase.MESSAGING_EVENT" />
110-->[:react-native-firebase_messaging] AndroidManifest.xml:21:17-78
110-->[:react-native-firebase_messaging] AndroidManifest.xml:21:25-75
111            </intent-filter>
112        </service>
113
114        <receiver
114-->[:react-native-firebase_messaging] AndroidManifest.xml:25:9-32:20
115            android:name="io.invertase.firebase.messaging.ReactNativeFirebaseMessagingReceiver"
115-->[:react-native-firebase_messaging] AndroidManifest.xml:26:13-96
116            android:exported="true"
116-->[:react-native-firebase_messaging] AndroidManifest.xml:27:13-36
117            android:permission="com.google.android.c2dm.permission.SEND" >
117-->[:react-native-firebase_messaging] AndroidManifest.xml:28:13-73
118            <intent-filter>
118-->[:react-native-firebase_messaging] AndroidManifest.xml:29:13-31:29
119                <action android:name="com.google.android.c2dm.intent.RECEIVE" />
119-->[:react-native-firebase_messaging] AndroidManifest.xml:30:17-81
119-->[:react-native-firebase_messaging] AndroidManifest.xml:30:25-78
120            </intent-filter>
121        </receiver>
122
123        <meta-data
123-->[:react-native-firebase_messaging] AndroidManifest.xml:34:9-36:36
124            android:name="firebase_messaging_auto_init_enabled"
124-->[:react-native-firebase_messaging] AndroidManifest.xml:35:13-64
125            android:value="true" />
125-->[:react-native-firebase_messaging] AndroidManifest.xml:36:13-33
126        <meta-data
126-->[:react-native-firebase_messaging] AndroidManifest.xml:37:9-39:32
127            android:name="com.google.firebase.messaging.default_notification_channel_id"
127-->[:react-native-firebase_messaging] AndroidManifest.xml:38:13-89
128            android:value="" />
128-->[:react-native-firebase_messaging] AndroidManifest.xml:39:13-29
129        <meta-data
129-->[:react-native-firebase_messaging] AndroidManifest.xml:40:9-42:47
130            android:name="com.google.firebase.messaging.default_notification_color"
130-->[:react-native-firebase_messaging] AndroidManifest.xml:41:13-84
131            android:resource="@color/white" />
131-->[:react-native-firebase_messaging] AndroidManifest.xml:42:13-44
132
133        <activity
133-->[:tipsi-stripe] AndroidManifest.xml:12:9-16:75
134            android:name="com.gettipsi.stripe.OpenBrowserActivity"
134-->[:tipsi-stripe] AndroidManifest.xml:13:13-67
135            android:exported="false"
135-->[:tipsi-stripe] AndroidManifest.xml:14:13-37
136            android:launchMode="singleTask"
136-->[:tipsi-stripe] AndroidManifest.xml:15:13-44
137            android:theme="@android:style/Theme.Translucent.NoTitleBar" />
137-->[:tipsi-stripe] AndroidManifest.xml:16:13-72
138        <activity
138-->[:tipsi-stripe] AndroidManifest.xml:17:9-30:20
139            android:name="com.gettipsi.stripe.RedirectUriReceiver"
139-->[:tipsi-stripe] AndroidManifest.xml:18:13-67
140            android:exported="true"
140-->[:tipsi-stripe] AndroidManifest.xml:19:13-36
141            android:launchMode="singleTask"
141-->[:tipsi-stripe] AndroidManifest.xml:20:13-44
142            android:theme="@android:style/Theme.Translucent.NoTitleBar.Fullscreen" >
142-->[:tipsi-stripe] AndroidManifest.xml:21:13-83
143            <intent-filter>
143-->[:tipsi-stripe] AndroidManifest.xml:22:13-29:29
144                <action android:name="android.intent.action.VIEW" />
144-->[:tipsi-stripe] AndroidManifest.xml:23:17-69
144-->[:tipsi-stripe] AndroidManifest.xml:23:25-66
145
146                <category android:name="android.intent.category.DEFAULT" />
146-->[:tipsi-stripe] AndroidManifest.xml:25:17-76
146-->[:tipsi-stripe] AndroidManifest.xml:25:27-73
147                <category android:name="android.intent.category.BROWSABLE" />
147-->[:tipsi-stripe] AndroidManifest.xml:26:17-78
147-->[:tipsi-stripe] AndroidManifest.xml:26:27-75
148
149                <data android:scheme="example" />
149-->[:tipsi-stripe] AndroidManifest.xml:28:17-50
149-->[:tipsi-stripe] AndroidManifest.xml:28:23-47
150            </intent-filter>
151        </activity>
152
153        <provider
153-->[:react-native-image-picker] AndroidManifest.xml:10:9-18:20
154            android:name="com.imagepicker.FileProvider"
154-->[:react-native-image-picker] AndroidManifest.xml:11:13-56
155            android:authorities="com.lupa.provider"
155-->[:react-native-image-picker] AndroidManifest.xml:12:13-60
156            android:exported="false"
156-->[:react-native-image-picker] AndroidManifest.xml:13:13-37
157            android:grantUriPermissions="true" >
157-->[:react-native-image-picker] AndroidManifest.xml:14:13-47
158            <meta-data
158-->[:react-native-image-picker] AndroidManifest.xml:15:13-17:58
159                android:name="android.support.FILE_PROVIDER_PATHS"
159-->[:react-native-image-picker] AndroidManifest.xml:16:17-67
160                android:resource="@xml/provider_paths" />
160-->[:react-native-image-picker] AndroidManifest.xml:17:17-55
161        </provider>
162
163        <activity
163-->[com.stripe:stripe-android:8.1.0] AndroidManifest.xml:12:9-16:20
164            android:name="com.stripe.android.view.AddSourceActivity"
164-->[com.stripe:stripe-android:8.1.0] AndroidManifest.xml:13:13-69
165            android:theme="@style/StripeDefaultTheme"
165-->[com.stripe:stripe-android:8.1.0] AndroidManifest.xml:14:13-54
166            android:windowSoftInputMode="stateVisible" >
166-->[com.stripe:stripe-android:8.1.0] AndroidManifest.xml:15:13-55
167        </activity>
168        <activity
168-->[com.stripe:stripe-android:8.1.0] AndroidManifest.xml:17:9-20:20
169            android:name="com.stripe.android.view.PaymentMethodsActivity"
169-->[com.stripe:stripe-android:8.1.0] AndroidManifest.xml:18:13-74
170            android:theme="@style/StripeDefaultTheme" >
170-->[com.stripe:stripe-android:8.1.0] AndroidManifest.xml:19:13-54
171        </activity>
172        <activity
172-->[com.stripe:stripe-android:8.1.0] AndroidManifest.xml:21:9-24:20
173            android:name="com.stripe.android.view.PaymentFlowActivity"
173-->[com.stripe:stripe-android:8.1.0] AndroidManifest.xml:22:13-71
174            android:theme="@style/StripeDefaultTheme" >
174-->[com.stripe:stripe-android:8.1.0] AndroidManifest.xml:23:13-54
175        </activity>
176
177        <provider
177-->[:expo-file-system] AndroidManifest.xml:18:9-27:20
178            android:name="expo.modules.filesystem.FileSystemFileProvider"
178-->[:expo-file-system] AndroidManifest.xml:19:13-74
179            android:authorities="com.lupa.FileSystemFileProvider"
179-->[:expo-file-system] AndroidManifest.xml:20:13-74
180            android:exported="false"
180-->[:expo-file-system] AndroidManifest.xml:21:13-37
181            android:grantUriPermissions="true" >
181-->[:expo-file-system] AndroidManifest.xml:22:13-47
182            <meta-data
182-->[:react-native-image-picker] AndroidManifest.xml:15:13-17:58
183                android:name="android.support.FILE_PROVIDER_PATHS"
183-->[:react-native-image-picker] AndroidManifest.xml:16:17-67
184                android:resource="@xml/file_system_provider_paths" />
184-->[:react-native-image-picker] AndroidManifest.xml:17:17-55
185        </provider>
186
187        <service
187-->[:expo-location] AndroidManifest.xml:16:9-18:40
188            android:name="expo.modules.location.services.LocationTaskService"
188-->[:expo-location] AndroidManifest.xml:17:13-78
189            android:exported="false" />
189-->[:expo-location] AndroidManifest.xml:18:13-37
190
191        <receiver
191-->[com.google.android.gms:play-services-measurement:17.2.2] AndroidManifest.xml:29:9-33:20
192            android:name="com.google.android.gms.measurement.AppMeasurementReceiver"
192-->[com.google.android.gms:play-services-measurement:17.2.2] AndroidManifest.xml:30:13-85
193            android:enabled="true"
193-->[com.google.android.gms:play-services-measurement:17.2.2] AndroidManifest.xml:31:13-35
194            android:exported="false" >
194-->[com.google.android.gms:play-services-measurement:17.2.2] AndroidManifest.xml:32:13-37
195        </receiver>
196        <receiver
196-->[com.google.android.gms:play-services-measurement:17.2.2] AndroidManifest.xml:34:9-42:20
197            android:name="com.google.android.gms.measurement.AppMeasurementInstallReferrerReceiver"
197-->[com.google.android.gms:play-services-measurement:17.2.2] AndroidManifest.xml:35:13-100
198            android:enabled="true"
198-->[com.google.android.gms:play-services-measurement:17.2.2] AndroidManifest.xml:36:13-35
199            android:exported="true"
199-->[com.google.android.gms:play-services-measurement:17.2.2] AndroidManifest.xml:37:13-36
200            android:permission="android.permission.INSTALL_PACKAGES" >
200-->[com.google.android.gms:play-services-measurement:17.2.2] AndroidManifest.xml:38:13-69
201            <intent-filter>
201-->[com.google.android.gms:play-services-measurement:17.2.2] AndroidManifest.xml:39:13-41:29
202                <action android:name="com.android.vending.INSTALL_REFERRER" />
202-->[com.google.android.gms:play-services-measurement:17.2.2] AndroidManifest.xml:40:17-79
202-->[com.google.android.gms:play-services-measurement:17.2.2] AndroidManifest.xml:40:25-76
203            </intent-filter>
204        </receiver>
205
206        <service
206-->[com.google.android.gms:play-services-measurement:17.2.2] AndroidManifest.xml:44:9-47:40
207            android:name="com.google.android.gms.measurement.AppMeasurementService"
207-->[com.google.android.gms:play-services-measurement:17.2.2] AndroidManifest.xml:45:13-84
208            android:enabled="true"
208-->[com.google.android.gms:play-services-measurement:17.2.2] AndroidManifest.xml:46:13-35
209            android:exported="false" />
209-->[com.google.android.gms:play-services-measurement:17.2.2] AndroidManifest.xml:47:13-37
210        <service
210-->[com.google.android.gms:play-services-measurement:17.2.2] AndroidManifest.xml:48:9-52:72
211            android:name="com.google.android.gms.measurement.AppMeasurementJobService"
211-->[com.google.android.gms:play-services-measurement:17.2.2] AndroidManifest.xml:49:13-87
212            android:enabled="true"
212-->[com.google.android.gms:play-services-measurement:17.2.2] AndroidManifest.xml:50:13-35
213            android:exported="false"
213-->[com.google.android.gms:play-services-measurement:17.2.2] AndroidManifest.xml:51:13-37
214            android:permission="android.permission.BIND_JOB_SERVICE" />
214-->[com.google.android.gms:play-services-measurement:17.2.2] AndroidManifest.xml:52:13-69
215        <service
215-->[com.google.android.gms:play-services-measurement-api:17.2.2] AndroidManifest.xml:27:9-33:19
216            android:name="com.google.firebase.components.ComponentDiscoveryService"
216-->[com.google.android.gms:play-services-measurement-api:17.2.2] AndroidManifest.xml:28:13-84
217            android:directBootAware="true"
217-->[com.google.firebase:firebase-common:19.3.0] AndroidManifest.xml:34:13-43
218            android:exported="false" >
218-->[com.google.android.gms:play-services-measurement-api:17.2.2] AndroidManifest.xml:29:13-37
219            <meta-data
219-->[com.google.android.gms:play-services-measurement-api:17.2.2] AndroidManifest.xml:30:13-32:85
220                android:name="com.google.firebase.components:com.google.firebase.analytics.connector.internal.AnalyticsConnectorRegistrar"
220-->[com.google.android.gms:play-services-measurement-api:17.2.2] AndroidManifest.xml:31:17-139
221                android:value="com.google.firebase.components.ComponentRegistrar" />
221-->[com.google.android.gms:play-services-measurement-api:17.2.2] AndroidManifest.xml:32:17-82
222            <meta-data
222-->[com.google.firebase:firebase-messaging:20.2.4] AndroidManifest.xml:39:13-41:85
223                android:name="com.google.firebase.components:com.google.firebase.messaging.FirebaseMessagingRegistrar"
223-->[com.google.firebase:firebase-messaging:20.2.4] AndroidManifest.xml:40:17-119
224                android:value="com.google.firebase.components.ComponentRegistrar" />
224-->[com.google.firebase:firebase-messaging:20.2.4] AndroidManifest.xml:41:17-82
225            <meta-data
225-->[com.google.firebase:firebase-perf:19.0.2] AndroidManifest.xml:34:13-36:85
226                android:name="com.google.firebase.components:com.google.firebase.perf.FirebasePerfRegistrar"
226-->[com.google.firebase:firebase-perf:19.0.2] AndroidManifest.xml:35:17-109
227                android:value="com.google.firebase.components.ComponentRegistrar" />
227-->[com.google.firebase:firebase-perf:19.0.2] AndroidManifest.xml:36:17-82
228            <meta-data
228-->[com.google.firebase:firebase-config:19.0.3] AndroidManifest.xml:32:13-34:85
229                android:name="com.google.firebase.components:com.google.firebase.remoteconfig.RemoteConfigRegistrar"
229-->[com.google.firebase:firebase-config:19.0.3] AndroidManifest.xml:33:17-117
230                android:value="com.google.firebase.components.ComponentRegistrar" />
230-->[com.google.firebase:firebase-config:19.0.3] AndroidManifest.xml:34:17-82
231            <meta-data
231-->[com.google.firebase:firebase-functions:19.0.1] AndroidManifest.xml:18:13-20:85
232                android:name="com.google.firebase.components:com.google.firebase.functions.FunctionsRegistrar"
232-->[com.google.firebase:firebase-functions:19.0.1] AndroidManifest.xml:19:17-111
233                android:value="com.google.firebase.components.ComponentRegistrar" />
233-->[com.google.firebase:firebase-functions:19.0.1] AndroidManifest.xml:20:17-82
234            <meta-data
234-->[com.google.firebase:firebase-iid:20.2.3] AndroidManifest.xml:32:13-34:85
235                android:name="com.google.firebase.components:com.google.firebase.iid.Registrar"
235-->[com.google.firebase:firebase-iid:20.2.3] AndroidManifest.xml:33:17-96
236                android:value="com.google.firebase.components.ComponentRegistrar" />
236-->[com.google.firebase:firebase-iid:20.2.3] AndroidManifest.xml:34:17-82
237            <meta-data
237-->[com.google.firebase:firebase-auth:19.1.0] AndroidManifest.xml:36:13-38:85
238                android:name="com.google.firebase.components:com.google.firebase.auth.FirebaseAuthRegistrar"
238-->[com.google.firebase:firebase-auth:19.1.0] AndroidManifest.xml:37:17-109
239                android:value="com.google.firebase.components.ComponentRegistrar" />
239-->[com.google.firebase:firebase-auth:19.1.0] AndroidManifest.xml:38:17-82
240            <meta-data
240-->[com.google.firebase:firebase-storage:19.1.0] AndroidManifest.xml:33:13-35:85
241                android:name="com.google.firebase.components:com.google.firebase.storage.StorageRegistrar"
241-->[com.google.firebase:firebase-storage:19.1.0] AndroidManifest.xml:34:17-107
242                android:value="com.google.firebase.components.ComponentRegistrar" />
242-->[com.google.firebase:firebase-storage:19.1.0] AndroidManifest.xml:35:17-82
243            <meta-data
243-->[com.google.firebase:firebase-firestore:21.3.0] AndroidManifest.xml:20:13-22:85
244                android:name="com.google.firebase.components:com.google.firebase.firestore.FirestoreRegistrar"
244-->[com.google.firebase:firebase-firestore:21.3.0] AndroidManifest.xml:21:17-111
245                android:value="com.google.firebase.components.ComponentRegistrar" />
245-->[com.google.firebase:firebase-firestore:21.3.0] AndroidManifest.xml:22:17-82
246            <meta-data
246-->[com.google.firebase:firebase-database:19.2.0] AndroidManifest.xml:32:13-34:85
247                android:name="com.google.firebase.components:com.google.firebase.database.DatabaseRegistrar"
247-->[com.google.firebase:firebase-database:19.2.0] AndroidManifest.xml:33:17-109
248                android:value="com.google.firebase.components.ComponentRegistrar" />